c:\users\athannnnnn\source\repos\cs14\cs14\debug\vc142.pdb
c:\users\athannnnnn\source\repos\cs14\cs14\debug\vc142.idb
c:\users\athannnnnn\source\repos\cs14\cs14\debug\main.obj
c:\users\athannnnnn\source\repos\cs14\cs14\debug\graph.obj
c:\users\athannnnnn\source\repos\cs14\cs14\debug\jug.obj
c:\users\athannnnnn\source\repos\cs14\cs14\debug\patient.obj
c:\users\athannnnnn\source\repos\cs14\cs14\debug\adjacencylist.obj
c:\users\athannnnnn\source\repos\cs14\cs14\debug\adjacencymatrix.obj
c:\users\athannnnnn\source\repos\cs14\debug\cs14.exe
c:\users\athannnnnn\source\repos\cs14\debug\cs14.ilk
c:\users\athannnnnn\source\repos\cs14\debug\cs14.pdb
c:\users\athannnnnn\source\repos\cs14\cs14\debug\jug.obj.enc
c:\users\athannnnnn\source\repos\cs14\cs14\debug\cs14.tlog\cl.command.1.tlog
c:\users\athannnnnn\source\repos\cs14\cs14\debug\cs14.tlog\cl.read.1.tlog
c:\users\athannnnnn\source\repos\cs14\cs14\debug\cs14.tlog\cl.write.1.tlog
c:\users\athannnnnn\source\repos\cs14\cs14\debug\cs14.tlog\link-cvtres.read.1.tlog
c:\users\athannnnnn\source\repos\cs14\cs14\debug\cs14.tlog\link-cvtres.write.1.tlog
c:\users\athannnnnn\source\repos\cs14\cs14\debug\cs14.tlog\link-rc.read.1.tlog
c:\users\athannnnnn\source\repos\cs14\cs14\debug\cs14.tlog\link-rc.write.1.tlog
c:\users\athannnnnn\source\repos\cs14\cs14\debug\cs14.tlog\link.18288-cvtres.read.1.tlog
c:\users\athannnnnn\source\repos\cs14\cs14\debug\cs14.tlog\link.18288-cvtres.write.1.tlog
c:\users\athannnnnn\source\repos\cs14\cs14\debug\cs14.tlog\link.18288-rc.read.1.tlog
c:\users\athannnnnn\source\repos\cs14\cs14\debug\cs14.tlog\link.18288-rc.write.1.tlog
c:\users\athannnnnn\source\repos\cs14\cs14\debug\cs14.tlog\link.18288.read.1.tlog
c:\users\athannnnnn\source\repos\cs14\cs14\debug\cs14.tlog\link.18288.write.1.tlog
c:\users\athannnnnn\source\repos\cs14\cs14\debug\cs14.tlog\link.command.1.tlog
c:\users\athannnnnn\source\repos\cs14\cs14\debug\cs14.tlog\link.read.1.tlog
c:\users\athannnnnn\source\repos\cs14\cs14\debug\cs14.tlog\link.write.1.tlog
